# JRE version: Java(TM) SE Runtime Environment (8.0_05-b13) (build 1.8.0_05-b13)
# Java VM: Java HotSpot(TM) 64-Bit Server VM (25.5-b02 mixed mode bsd-amd64 compressed oops)
Heap:
 PSYoungGen      total 1092608K, used 1066501K [0x000000076ab00000, 0x00000007c0000000, 0x00000007c0000000)
  eden space 826368K, 96% used [0x000000076ab00000,0x000000079b8c3648,0x000000079d200000)
  from space 266240K, 99% used [0x000000079d200000,0x00000007ad5be1a8,0x00000007ad600000)
  to   space 305152K, 0% used [0x00000007ad600000,0x00000007ad600000,0x00000007c0000000)
 ParOldGen       total 617472K, used 557792K [0x00000006c0000000, 0x00000006e5b00000, 0x000000076ab00000)
  object space 617472K, 90% used [0x00000006c0000000,0x00000006e20b8188,0x00000006e5b00000)
 Metaspace       used 10553K, capacity 10708K, committed 10880K, reserved 1058816K
  class space    used 1362K, capacity 1403K, committed 1408K, reserved 1048576K
GC Heap History (10 events):
Event: 36.502 GC heap before
{Heap before GC invocations=59 (full 7):
 PSYoungGen      total 1025024K, used 1021152K [0x000000076ab00000, 0x00000007b9800000, 0x00000007c0000000)
  eden space 859136K, 100% used [0x000000076ab00000,0x000000079f200000,0x000000079f200000)
  from space 165888K, 97% used [0x000000079f200000,0x00000007a9038000,0x00000007a9400000)
  to   space 192000K, 0% used [0x00000007adc80000,0x00000007adc80000,0x00000007b9800000)
 ParOldGen       total 558080K, used 505474K [0x00000006c0000000, 0x00000006e2100000, 0x000000076ab00000)
  object space 558080K, 90% used [0x00000006c0000000,0x00000006deda0940,0x00000006e2100000)
 Metaspace       used 3762K, capacity 5016K, committed 5120K, reserved 1056768K
  class space    used 413K, capacity 456K, committed 512K, reserved 1048576K
Event: 36.781 GC heap after
Heap after GC invocations=59 (full 7):
 PSYoungGen      total 1064448K, used 191984K [0x000000076ab00000, 0x00000007be000000, 0x00000007c0000000)
  eden space 872448K, 0% used [0x000000076ab00000,0x000000076ab00000,0x000000079ff00000)
  from space 192000K, 99% used [0x00000007adc80000,0x00000007b97fc120,0x00000007b9800000)
  to   space 226816K, 0% used [0x000000079ff00000,0x000000079ff00000,0x00000007adc80000)
 ParOldGen       total 558080K, used 514586K [0x00000006c0000000, 0x00000006e2100000, 0x000000076ab00000)
  object space 558080K, 92% used [0x00000006c0000000,0x00000006df686940,0x00000006e2100000)
 Metaspace       used 3762K, capacity 5016K, committed 5120K, reserved 1056768K
  class space    used 413K, capacity 456K, committed 512K, reserved 1048576K
}
Event: 37.971 GC heap before
{Heap before GC invocations=60 (full 7):
 PSYoungGen      total 1064448K, used 1064432K [0x000000076ab00000, 0x00000007be000000, 0x00000007c0000000)
  eden space 872448K, 100% used [0x000000076ab00000,0x000000079ff00000,0x000000079ff00000)
  from space 192000K, 99% used [0x00000007adc80000,0x00000007b97fc120,0x00000007b9800000)
  to   space 226816K, 0% used [0x000000079ff00000,0x000000079ff00000,0x00000007adc80000)
 ParOldGen       total 558080K, used 514586K [0x00000006c0000000, 0x00000006e2100000, 0x000000076ab00000)
  object space 558080K, 92% used [0x00000006c0000000,0x00000006df686940,0x00000006e2100000)
 Metaspace       used 3762K, capacity 5016K, committed 5120K, reserved 1056768K
  class space    used 413K, capacity 456K, committed 512K, reserved 1048576K
Event: 38.241 GC heap after
Heap after GC invocations=60 (full 7):
 PSYoungGen      total 1099264K, used 194112K [0x000000076ab00000, 0x00000007c0000000, 0x00000007c0000000)
  eden space 872448K, 0% used [0x000000076ab00000,0x000000076ab00000,0x000000079ff00000)
  from space 226816K, 85% used [0x000000079ff00000,0x00000007abc90000,0x00000007adc80000)
  to   space 252928K, 0% used [0x00000007b0900000,0x00000007b0900000,0x00000007c0000000)
 ParOldGen       total 558080K, used 552426K [0x00000006c0000000, 0x00000006e2100000, 0x000000076ab00000)
  object space 558080K, 98% used [0x00000006c0000000,0x00000006e1b7a940,0x00000006e2100000)
 Metaspace       used 3762K, capacity 5016K, committed 5120K, reserved 1056768K
  class space    used 413K, capacity 456K, committed 512K, reserved 1048576K
}
Event: 38.241 GC heap before
{Heap before GC invocations=61 (full 8):
 PSYoungGen      total 1099264K, used 194112K [0x000000076ab00000, 0x00000007c0000000, 0x00000007c0000000)
  eden space 872448K, 0% used [0x000000076ab00000,0x000000076ab00000,0x000000079ff00000)
  from space 226816K, 85% used [0x000000079ff00000,0x00000007abc90000,0x00000007adc80000)
  to   space 252928K, 0% used [0x00000007b0900000,0x00000007b0900000,0x00000007c0000000)
 ParOldGen       total 558080K, used 552426K [0x00000006c0000000, 0x00000006e2100000, 0x000000076ab00000)
  object space 558080K, 98% used [0x00000006c0000000,0x00000006e1b7a940,0x00000006e2100000)
 Metaspace       used 3762K, capacity 5016K, committed 5120K, reserved 1056768K
  class space    used 413K, capacity 456K, committed 512K, reserved 1048576K
Event: 39.959 GC heap after
Heap after GC invocations=61 (full 8):
 PSYoungGen      total 1099264K, used 188184K [0x000000076ab00000, 0x00000007c0000000, 0x00000007c0000000)
  eden space 872448K, 0% used [0x000000076ab00000,0x000000076ab00000,0x000000079ff00000)
  from space 226816K, 82% used [0x000000079ff00000,0x00000007ab6c6228,0x00000007adc80000)
  to   space 252928K, 0% used [0x00000007b0900000,0x00000007b0900000,0x00000007c0000000)
 ParOldGen       total 617472K, used 557792K [0x00000006c0000000, 0x00000006e5b00000, 0x000000076ab00000)
  object space 617472K, 90% used [0x00000006c0000000,0x00000006e20b8188,0x00000006e5b00000)
 Metaspace       used 3762K, capacity 5016K, committed 5120K, reserved 1056768K
  class space    used 413K, capacity 456K, committed 512K, reserved 1048576K
}
Event: 41.116 GC heap before
{Heap before GC invocations=62 (full 8):
 PSYoungGen      total 1099264K, used 1060632K [0x000000076ab00000, 0x00000007c0000000, 0x00000007c0000000)
  eden space 872448K, 100% used [0x000000076ab00000,0x000000079ff00000,0x000000079ff00000)
  from space 226816K, 82% used [0x000000079ff00000,0x00000007ab6c6228,0x00000007adc80000)
  to   space 252928K, 0% used [0x00000007b0900000,0x00000007b0900000,0x00000007c0000000)
 ParOldGen       total 617472K, used 557792K [0x00000006c0000000, 0x00000006e5b00000, 0x000000076ab00000)
  object space 617472K, 90% used [0x00000006c0000000,0x00000006e20b8188,0x00000006e5b00000)
 Metaspace       used 3762K, capacity 5016K, committed 5120K, reserved 1056768K
  class space    used 413K, capacity 456K, committed 512K, reserved 1048576K
Event: 41.508 GC heap after
Heap after GC invocations=62 (full 8):
 PSYoungGen      total 1079296K, used 228320K [0x000000076ab00000, 0x00000007c0000000, 0x00000007c0000000)
  eden space 826368K, 0% used [0x000000076ab00000,0x000000076ab00000,0x000000079d200000)
  from space 252928K, 90% used [0x00000007b0900000,0x00000007be7f8000,0x00000007c0000000)
  to   space 285696K, 0% used [0x000000079d200000,0x000000079d200000,0x00000007ae900000)
 ParOldGen       total 617472K, used 557792K [0x00000006c0000000, 0x00000006e5b00000, 0x000000076ab00000)
  object space 617472K, 90% used [0x00000006c0000000,0x00000006e20b8188,0x00000006e5b00000)
 Metaspace       used 3762K, capacity 5016K, committed 5120K, reserved 1056768K
  class space    used 413K, capacity 456K, committed 512K, reserved 1048576K
}
Event: 42.658 GC heap before
{Heap before GC invocations=63 (full 8):
 PSYoungGen      total 1079296K, used 1054688K [0x000000076ab00000, 0x00000007c0000000, 0x00000007c0000000)
  eden space 826368K, 100% used [0x000000076ab00000,0x000000079d200000,0x000000079d200000)
  from space 252928K, 90% used [0x00000007b0900000,0x00000007be7f8000,0x00000007c0000000)
  to   space 285696K, 0% used [0x000000079d200000,0x000000079d200000,0x00000007ae900000)
 ParOldGen       total 617472K, used 557792K [0x00000006c0000000, 0x00000006e5b00000, 0x000000076ab00000)
  object space 617472K, 90% used [0x00000006c0000000,0x00000006e20b8188,0x00000006e5b00000)
 Metaspace       used 3762K, capacity 5016K, committed 5120K, reserved 1056768K
  class space    used 413K, capacity 456K, committed 512K, reserved 1048576K
Event: 42.975 GC heap after
Heap after GC invocations=63 (full 8):
 PSYoungGen      total 1092608K, used 265976K [0x000000076ab00000, 0x00000007c0000000, 0x00000007c0000000)
  eden space 826368K, 0% used [0x000000076ab00000,0x000000076ab00000,0x000000079d200000)
  from space 266240K, 99% used [0x000000079d200000,0x00000007ad5be1a8,0x00000007ad600000)
  to   space 305152K, 0% used [0x00000007ad600000,0x00000007ad600000,0x00000007c0000000)
 ParOldGen       total 617472K, used 557792K [0x00000006c0000000, 0x00000006e5b00000, 0x000000076ab00000)
  object space 617472K, 90% used [0x00000006c0000000,0x00000006e20b8188,0x00000006e5b00000)
 Metaspace       used 3762K, capacity 5016K, committed 5120K, reserved 1056768K
  class space    used 413K, capacity 456K, committed 512K, reserved 1048576K
}

